11-27 10:21:32 replicate_layout.action_replicate_layout 305:Plugin executed on: 'win32'
11-27 10:21:32 replicate_layout.action_replicate_layout 306:Plugin executed with python version: '2.7.16 (default, Aug 15 2019, 17:51:40)  [GCC 9.2.0 64 bit (AMD64)]'
11-27 10:21:32 replicate_layout.action_replicate_layout 307:KiCad build version: (5.1.6)-1
11-27 10:21:32 replicate_layout.action_replicate_layout 308:Replicate layout plugin version: 68 started
11-27 10:21:32 replicate_layout.action_replicate_layout 319:wx top level windows: wxWindowList: [<wx._windows.Frame; proxy of <Swig Object of type 'wxFrame *' at 0x3088800> >, <wx._windows.Frame; proxy of <Swig Object of type 'wxFrame *' at 0x1349330> >, <wx._windows.Frame; proxy of <Swig Object of type 'wxFrame *' at 0xd1340020> >, <wx._windows.Frame; proxy of <Swig Object of type 'wxFrame *' at 0x500bf190> >, <wx._windows.Frame; proxy of <Swig Object of type 'wxFrame *' at 0x500bf500> >, <wx._windows.Frame; proxy of <Swig Object of type 'wxFrame *' at 0xb548070> >, <wx._windows.Frame; proxy of <Swig Object of type 'wxFrame *' at 0x500be740> >, <wx._windows.Frame; proxy of <Swig Object of type 'wxFrame *' at 0x6c804d80> >, <wx._windows.Frame; proxy of <Swig Object of type 'wxFrame *' at 0x6c1283f0> >]
11-27 10:21:32 replicate_layout.action_replicate_layout 343:Preparing replicator with Y4 as a reference
11-27 10:21:32 replicate_layout.replicatelayout 215:getting project hierarchy from schematics
11-27 10:21:32 replicate_layout.replicatelayout 217:Project hierarchy looks like:
{u'5FC1FA64': [u'TX9', u'C:\\Users\\Brad\\Documents\\Nth\\NFCPower10\\transmitter.sch'], u'5FC1DCBA': [u'TX2', u'C:\\Users\\Brad\\Documents\\Nth\\NFCPower10\\transmitter.sch'], u'5FC1E1DD': [u'TX4', u'C:\\Users\\Brad\\Documents\\Nth\\NFCPower10\\transmitter.sch'], u'5FC1FA4C': [u'TX6', u'C:\\Users\\Brad\\Documents\\Nth\\NFCPower10\\transmitter.sch'], u'5FBD86FB': [u'TX1', u'C:\\Users\\Brad\\Documents\\Nth\\NFCPower10\\transmitter.sch'], u'5FC1FA5C': [u'TX8', u'C:\\Users\\Brad\\Documents\\Nth\\NFCPower10\\transmitter.sch'], u'5FC1E32F': [u'TX5', u'C:\\Users\\Brad\\Documents\\Nth\\NFCPower10\\transmitter.sch'], u'5FC1FA6C': [u'TX10', u'C:\\Users\\Brad\\Documents\\Nth\\NFCPower10\\transmitter.sch'], u'5FC1FA54': [u'TX7', u'C:\\Users\\Brad\\Documents\\Nth\\NFCPower10\\transmitter.sch'], u'5FC1E11E': [u'TX3', u'C:\\Users\\Brad\\Documents\\Nth\\NFCPower10\\transmitter.sch']}
11-27 10:21:32 replicate_layout.replicatelayout 225:getting a list of all footprints on board
11-27 10:21:32 replicate_layout.action_replicate_layout 370:source anchor footprint is u'Y4'
Located on:[u'TX1']
With filenames:[u'transmitter.sch']
With sheet_id:[u'TX1']
11-27 10:21:32 replicate_layout.action_replicate_layout 374:Corresponding footprints are 
[(u'Y31', [u'TX10']), (u'Y28', [u'TX9']), (u'Y25', [u'TX8']), (u'Y22', [u'TX7']), (u'Y19', [u'TX6']), (u'Y16', [u'TX5']), (u'Y13', [u'TX4']), (u'Y10', [u'TX3']), (u'Y7', [u'TX2']), (u'Y4', [u'TX1'])]
11-27 10:21:32 replicate_layout.action_replicate_layout 387:Showing dialog
11-27 10:21:32 replicate_layout.action_replicate_layout 391:Pcbnew position: wx.Point(-8, -8)
11-27 10:21:32 replicate_layout.action_replicate_layout 397:Display 0: wx.Rect(0, 0, 1920, 1080)
11-27 10:21:32 replicate_layout.action_replicate_layout 397:Display 1: wx.Rect(1920, 0, 1920, 1080)
11-27 10:21:32 replicate_layout.action_replicate_layout 401:Toolbar position: wx.Point(1722, 115)
11-27 10:21:32 replicate_layout.action_replicate_layout 408:Dialog position: wx.Point(1409, 115)
11-27 10:21:34 replicate_layout.replicatelayout 249:construcing a list of sheets suitable for replication on level:u'TX1', file:u'transmitter.sch'
11-27 10:21:34 replicate_layout.replicatelayout 256:Source sheet path up to the level:[u'TX1']
11-27 10:21:34 replicate_layout.replicatelayout 260:Footprints on the sheets:
[u'Y31', u'Y28', u'Y25', u'Y22', u'Y19', u'Y16', u'Y13', u'Y10', u'Y7', u'Y4']
11-27 10:21:34 replicate_layout.replicatelayout 263:Footprints raw sheet ids:
[u'/5FC1FA6C/5FBF2B0F', u'/5FC1FA64/5FBF2B0F', u'/5FC1FA5C/5FBF2B0F', u'/5FC1FA54/5FBF2B0F', u'/5FC1FA4C/5FBF2B0F', u'/5FC1E32F/5FBF2B0F', u'/5FC1E1DD/5FBF2B0F', u'/5FC1E11E/5FBF2B0F', u'/5FC1DCBA/5FBF2B0F', u'/5FBD86FB/5FBF2B0F']
11-27 10:21:34 replicate_layout.replicatelayout 279:All sheets to replicate:
[[u'TX10'], [u'TX9'], [u'TX8'], [u'TX7'], [u'TX6'], [u'TX5'], [u'TX4'], [u'TX3'], [u'TX2'], [u'TX1']]
11-27 10:21:34 replicate_layout.replicatelayout 284:All sheets to replicate sorted:
[[u'TX1'], [u'TX10'], [u'TX2'], [u'TX3'], [u'TX4'], [u'TX5'], [u'TX6'], [u'TX7'], [u'TX8'], [u'TX9']]
11-27 10:21:34 replicate_layout.replicatelayout 290:All sheets to replicate sorted and without source sheet:
[[u'TX10'], [u'TX2'], [u'TX3'], [u'TX4'], [u'TX5'], [u'TX6'], [u'TX7'], [u'TX8'], [u'TX9']]
11-27 10:21:38 replicate_layout.replicatelayout 249:construcing a list of sheets suitable for replication on level:u'TX1', file:u'transmitter.sch'
11-27 10:21:38 replicate_layout.replicatelayout 256:Source sheet path up to the level:[u'TX1']
11-27 10:21:38 replicate_layout.replicatelayout 260:Footprints on the sheets:
[u'Y31', u'Y28', u'Y25', u'Y22', u'Y19', u'Y16', u'Y13', u'Y10', u'Y7', u'Y4']
11-27 10:21:38 replicate_layout.replicatelayout 263:Footprints raw sheet ids:
[u'/5FC1FA6C/5FBF2B0F', u'/5FC1FA64/5FBF2B0F', u'/5FC1FA5C/5FBF2B0F', u'/5FC1FA54/5FBF2B0F', u'/5FC1FA4C/5FBF2B0F', u'/5FC1E32F/5FBF2B0F', u'/5FC1E1DD/5FBF2B0F', u'/5FC1E11E/5FBF2B0F', u'/5FC1DCBA/5FBF2B0F', u'/5FBD86FB/5FBF2B0F']
11-27 10:21:38 replicate_layout.replicatelayout 279:All sheets to replicate:
[[u'TX10'], [u'TX9'], [u'TX8'], [u'TX7'], [u'TX6'], [u'TX5'], [u'TX4'], [u'TX3'], [u'TX2'], [u'TX1']]
11-27 10:21:38 replicate_layout.replicatelayout 284:All sheets to replicate sorted:
[[u'TX1'], [u'TX10'], [u'TX2'], [u'TX3'], [u'TX4'], [u'TX5'], [u'TX6'], [u'TX7'], [u'TX8'], [u'TX9']]
11-27 10:21:38 replicate_layout.replicatelayout 290:All sheets to replicate sorted and without source sheet:
[[u'TX10'], [u'TX2'], [u'TX3'], [u'TX4'], [u'TX5'], [u'TX6'], [u'TX7'], [u'TX8'], [u'TX9']]
11-27 10:21:38 replicate_layout.action_replicate_layout 179:Replicating layout
11-27 10:21:38 replicate_layout.replicatelayout 990:Starting replication of sheets: [[u'TX10'], [u'TX2'], [u'TX3'], [u'TX4'], [u'TX5'], [u'TX6'], [u'TX7'], [u'TX8'], [u'TX9']]
on level: [u'TX1']
with tracks=True, zone=True, text=True, containing=True, remove=True, locked=False
11-27 10:21:38 root 261:updating GUI message: 'Preparing for replication'
11-27 10:21:38 root 266:updating GUI with: 0
11-27 10:21:38 replicate_layout.replicatelayout 556:Getting the list of source footprints
11-27 10:21:38 replicate_layout.replicatelayout 560:Getting the list of all the remaining footprints
11-27 10:21:38 replicate_layout.replicatelayout 564:Getting nets local to source footprints
11-27 10:21:38 replicate_layout.replicatelayout 568:Getting source bounding box
11-27 10:21:38 root 266:updating GUI with: 37
11-27 10:21:38 replicate_layout.replicatelayout 572:Getting source tracks
11-27 10:21:39 replicate_layout.replicatelayout 576:Getting source zones
11-27 10:21:39 root 266:updating GUI with: 62
11-27 10:21:39 replicate_layout.replicatelayout 580:Getting source text items
11-27 10:21:39 replicate_layout.replicatelayout 584:Getting source text items
11-27 10:21:39 replicate_layout.replicatelayout 1018:Removing tracks and zones, before module placement
11-27 10:21:39 root 261:updating GUI message: 'Removing zones and tracks'
11-27 10:21:39 root 266:updating GUI with: 11
11-27 10:21:39 root 266:updating GUI with: 22
11-27 10:21:40 root 266:updating GUI with: 33
11-27 10:21:40 root 266:updating GUI with: 44
11-27 10:21:40 root 266:updating GUI with: 55
11-27 10:21:41 root 266:updating GUI with: 66
11-27 10:21:41 root 266:updating GUI with: 77
11-27 10:21:41 root 266:updating GUI with: 88
11-27 10:21:41 root 261:updating GUI message: 'Replicating footprints'
11-27 10:21:41 root 266:updating GUI with: 0
11-27 10:21:41 replicate_layout.replicatelayout 590:Replicating footprints
11-27 10:21:41 replicate_layout.replicatelayout 596:Replicating footprints on sheet [u'TX10']
11-27 10:21:41 root 266:updating GUI with: 3
11-27 10:21:41 root 266:updating GUI with: 6
11-27 10:21:41 replicate_layout.replicatelayout 596:Replicating footprints on sheet [u'TX2']
11-27 10:21:41 root 266:updating GUI with: 12
11-27 10:21:41 root 266:updating GUI with: 17
11-27 10:21:41 replicate_layout.replicatelayout 596:Replicating footprints on sheet [u'TX3']
11-27 10:21:41 root 266:updating GUI with: 23
11-27 10:21:41 root 266:updating GUI with: 25
11-27 10:21:41 root 266:updating GUI with: 31
11-27 10:21:41 replicate_layout.replicatelayout 596:Replicating footprints on sheet [u'TX4']
11-27 10:21:41 root 266:updating GUI with: 36
11-27 10:21:41 root 266:updating GUI with: 39
11-27 10:21:41 replicate_layout.replicatelayout 596:Replicating footprints on sheet [u'TX5']
11-27 10:21:41 root 266:updating GUI with: 45
11-27 10:21:41 root 266:updating GUI with: 50
11-27 10:21:41 replicate_layout.replicatelayout 596:Replicating footprints on sheet [u'TX6']
11-27 10:21:41 root 266:updating GUI with: 55
11-27 10:21:41 root 266:updating GUI with: 61
11-27 10:21:41 replicate_layout.replicatelayout 596:Replicating footprints on sheet [u'TX7']
11-27 10:21:41 root 266:updating GUI with: 67
11-27 10:21:41 root 266:updating GUI with: 72
11-27 10:21:41 replicate_layout.replicatelayout 596:Replicating footprints on sheet [u'TX8']
11-27 10:21:41 root 266:updating GUI with: 78
11-27 10:21:41 root 266:updating GUI with: 83
11-27 10:21:41 replicate_layout.replicatelayout 596:Replicating footprints on sheet [u'TX9']
11-27 10:21:41 root 266:updating GUI with: 89
11-27 10:21:41 root 266:updating GUI with: 94
11-27 10:21:41 replicate_layout.replicatelayout 1026:Removing tracks and zones, after module placement
11-27 10:21:41 root 261:updating GUI message: 'Removing zones and tracks'
11-27 10:21:42 root 266:updating GUI with: 11
11-27 10:21:42 root 266:updating GUI with: 22
11-27 10:21:42 root 266:updating GUI with: 33
11-27 10:21:42 root 266:updating GUI with: 44
11-27 10:21:42 root 266:updating GUI with: 55
11-27 10:21:42 root 266:updating GUI with: 66
11-27 10:21:42 root 266:updating GUI with: 77
11-27 10:21:42 root 266:updating GUI with: 88
11-27 10:21:42 root 261:updating GUI message: 'Replicating tracks'
11-27 10:21:42 root 266:updating GUI with: 0
11-27 10:21:42 replicate_layout.replicatelayout 716:Replicating tracks
11-27 10:21:42 replicate_layout.replicatelayout 722:Replicating tracks on sheet [u'TX10']
11-27 10:21:42 root 266:updating GUI with: 0
11-27 10:21:42 replicate_layout.replicatelayout 722:Replicating tracks on sheet [u'TX2']
11-27 10:21:42 root 266:updating GUI with: 11
11-27 10:21:42 replicate_layout.replicatelayout 722:Replicating tracks on sheet [u'TX3']
11-27 10:21:42 root 266:updating GUI with: 22
11-27 10:21:42 replicate_layout.replicatelayout 722:Replicating tracks on sheet [u'TX4']
11-27 10:21:42 root 266:updating GUI with: 33
11-27 10:21:42 root 266:updating GUI with: 38
11-27 10:21:42 replicate_layout.replicatelayout 722:Replicating tracks on sheet [u'TX5']
11-27 10:21:42 root 266:updating GUI with: 44
11-27 10:21:42 root 266:updating GUI with: 49
11-27 10:21:42 replicate_layout.replicatelayout 722:Replicating tracks on sheet [u'TX6']
11-27 10:21:43 root 266:updating GUI with: 55
11-27 10:21:43 root 266:updating GUI with: 59
11-27 10:21:43 replicate_layout.replicatelayout 722:Replicating tracks on sheet [u'TX7']
11-27 10:21:43 root 266:updating GUI with: 66
11-27 10:21:43 root 266:updating GUI with: 77
11-27 10:21:43 replicate_layout.replicatelayout 722:Replicating tracks on sheet [u'TX8']
11-27 10:21:43 root 266:updating GUI with: 77
11-27 10:21:43 root 266:updating GUI with: 84
11-27 10:21:43 replicate_layout.replicatelayout 722:Replicating tracks on sheet [u'TX9']
11-27 10:21:43 root 266:updating GUI with: 88
11-27 10:21:43 root 266:updating GUI with: 93
11-27 10:21:43 root 261:updating GUI message: 'Replicating zones'
11-27 10:21:43 replicate_layout.replicatelayout 767:Replicating zones
11-27 10:21:43 replicate_layout.replicatelayout 774:Replicating zones on sheet [u'TX10']
11-27 10:21:43 root 266:updating GUI with: 11
11-27 10:21:43 replicate_layout.replicatelayout 774:Replicating zones on sheet [u'TX2']
11-27 10:21:43 root 266:updating GUI with: 22
11-27 10:21:43 replicate_layout.replicatelayout 774:Replicating zones on sheet [u'TX3']
11-27 10:21:43 root 266:updating GUI with: 33
11-27 10:21:43 replicate_layout.replicatelayout 774:Replicating zones on sheet [u'TX4']
11-27 10:21:43 root 266:updating GUI with: 44
11-27 10:21:43 replicate_layout.replicatelayout 774:Replicating zones on sheet [u'TX5']
11-27 10:21:43 root 266:updating GUI with: 55
11-27 10:21:43 replicate_layout.replicatelayout 774:Replicating zones on sheet [u'TX6']
11-27 10:21:43 root 266:updating GUI with: 66
11-27 10:21:43 replicate_layout.replicatelayout 774:Replicating zones on sheet [u'TX7']
11-27 10:21:43 root 266:updating GUI with: 77
11-27 10:21:43 replicate_layout.replicatelayout 774:Replicating zones on sheet [u'TX8']
11-27 10:21:43 root 266:updating GUI with: 88
11-27 10:21:43 replicate_layout.replicatelayout 774:Replicating zones on sheet [u'TX9']
11-27 10:21:43 root 261:updating GUI message: 'Replicating text'
11-27 10:21:43 root 266:updating GUI with: 0
11-27 10:21:43 replicate_layout.replicatelayout 833:Replicating text
11-27 10:21:43 replicate_layout.replicatelayout 840:Replicating text on sheet [u'TX10']
11-27 10:21:43 replicate_layout.replicatelayout 840:Replicating text on sheet [u'TX2']
11-27 10:21:43 replicate_layout.replicatelayout 840:Replicating text on sheet [u'TX3']
11-27 10:21:43 replicate_layout.replicatelayout 840:Replicating text on sheet [u'TX4']
11-27 10:21:43 replicate_layout.replicatelayout 840:Replicating text on sheet [u'TX5']
11-27 10:21:43 replicate_layout.replicatelayout 840:Replicating text on sheet [u'TX6']
11-27 10:21:43 replicate_layout.replicatelayout 840:Replicating text on sheet [u'TX7']
11-27 10:21:43 replicate_layout.replicatelayout 840:Replicating text on sheet [u'TX8']
11-27 10:21:43 replicate_layout.replicatelayout 840:Replicating text on sheet [u'TX9']
11-27 10:21:43 root 261:updating GUI message: 'Replicating drawings'
11-27 10:21:43 replicate_layout.replicatelayout 864:Replicating drawings
11-27 10:21:43 replicate_layout.replicatelayout 870:Replicating drawings on sheet [u'TX10']
11-27 10:21:43 replicate_layout.replicatelayout 870:Replicating drawings on sheet [u'TX2']
11-27 10:21:43 replicate_layout.replicatelayout 870:Replicating drawings on sheet [u'TX3']
11-27 10:21:43 replicate_layout.replicatelayout 870:Replicating drawings on sheet [u'TX4']
11-27 10:21:43 replicate_layout.replicatelayout 870:Replicating drawings on sheet [u'TX5']
11-27 10:21:43 replicate_layout.replicatelayout 870:Replicating drawings on sheet [u'TX6']
11-27 10:21:43 replicate_layout.replicatelayout 870:Replicating drawings on sheet [u'TX7']
11-27 10:21:43 replicate_layout.replicatelayout 870:Replicating drawings on sheet [u'TX8']
11-27 10:21:43 replicate_layout.replicatelayout 870:Replicating drawings on sheet [u'TX9']
11-27 10:21:43 root 261:updating GUI message: 'Removing duplicates'
11-27 10:21:48 replicate_layout.action_replicate_layout 201:Replication complete
